2021-07-16 08:43:43,890 root  INFO   49 12192 MainThread 4432 D:\onedrive\OneDrive - ncist.edu.cn\project\mystock\logger\my_logger.py a start
2021-07-16 08:43:43,890 root  INFO   51 12192 MainThread 4432 D:\onedrive\OneDrive - ncist.edu.cn\project\mystock\logger\my_logger.py a finshed
2021-07-16 08:43:44,053 root  INFO   49 15628 Thread-1 4432 D:\onedrive\OneDrive - ncist.edu.cn\project\mystock\data\akshare\industry_concept.py save_concept_data start
2021-07-16 08:43:44,053 root  INFO   49 9672 Thread-2 4432 D:\onedrive\OneDrive - ncist.edu.cn\project\mystock\data\akshare\yjbb.py update_yjbb_to_db start
2021-07-16 08:43:44,054 root  INFO   49 15532 Thread-3 4432 D:\onedrive\OneDrive - ncist.edu.cn\project\mystock\data\akshare\north_net_flow.py save_north_data start
2021-07-16 08:43:44,206 root  INFO   51 15532 Thread-3 4432 D:\onedrive\OneDrive - ncist.edu.cn\project\mystock\data\akshare\north_net_flow.py save_north_data finshed
2021-07-16 08:43:44,211 root  INFO   51 9672 Thread-2 4432 D:\onedrive\OneDrive - ncist.edu.cn\project\mystock\data\akshare\yjbb.py update_yjbb_to_db finshed
2021-07-16 08:43:44,212 root  INFO   49 9672 Thread-2 4432 D:\onedrive\OneDrive - ncist.edu.cn\project\mystock\data\akshare\yjbb.py update_yjbb_to_db start
2021-07-16 08:43:44,318 root  INFO   51 9672 Thread-2 4432 D:\onedrive\OneDrive - ncist.edu.cn\project\mystock\data\akshare\yjbb.py update_yjbb_to_db finshed
2021-07-16 08:43:44,319 root  INFO   49 9672 Thread-2 4432 D:\onedrive\OneDrive - ncist.edu.cn\project\mystock\data\akshare\yjbb.py update_yjbb_to_db start
2021-07-16 08:43:44,409 root  INFO   51 9672 Thread-2 4432 D:\onedrive\OneDrive - ncist.edu.cn\project\mystock\data\akshare\yjbb.py update_yjbb_to_db finshed
2021-07-16 08:43:44,409 root  INFO   49 9672 Thread-2 4432 D:\onedrive\OneDrive - ncist.edu.cn\project\mystock\data\akshare\yjbb.py update_yjbb_to_db start
2021-07-16 08:43:44,480 root  INFO   51 9672 Thread-2 4432 D:\onedrive\OneDrive - ncist.edu.cn\project\mystock\data\akshare\yjbb.py update_yjbb_to_db finshed
2021-07-16 08:43:44,480 root  INFO   49 9672 Thread-2 4432 D:\onedrive\OneDrive - ncist.edu.cn\project\mystock\data\akshare\yjbb.py update_yjbb_to_db start
2021-07-16 08:43:44,564 root  INFO   51 9672 Thread-2 4432 D:\onedrive\OneDrive - ncist.edu.cn\project\mystock\data\akshare\yjbb.py update_yjbb_to_db finshed
2021-07-16 08:43:44,564 root  INFO   49 9672 Thread-2 4432 D:\onedrive\OneDrive - ncist.edu.cn\project\mystock\data\akshare\yjbb.py update_yjbb_to_db start
2021-07-16 08:43:44,628 root  INFO   51 9672 Thread-2 4432 D:\onedrive\OneDrive - ncist.edu.cn\project\mystock\data\akshare\yjbb.py update_yjbb_to_db finshed
2021-07-16 08:43:44,629 root  INFO   49 9672 Thread-2 4432 D:\onedrive\OneDrive - ncist.edu.cn\project\mystock\data\akshare\yjbb.py update_yjbb_to_db start
2021-07-16 08:43:44,702 root  INFO   51 9672 Thread-2 4432 D:\onedrive\OneDrive - ncist.edu.cn\project\mystock\data\akshare\yjbb.py update_yjbb_to_db finshed
2021-07-16 08:43:44,735 root  INFO   51 15628 Thread-1 4432 D:\onedrive\OneDrive - ncist.edu.cn\project\mystock\data\akshare\industry_concept.py save_concept_data finshed
2021-07-16 08:43:44,736 root  INFO   49 15628 Thread-1 4432 D:\onedrive\OneDrive - ncist.edu.cn\project\mystock\data\akshare\industry_concept.py save_industry_data start
2021-07-16 08:43:44,802 root  INFO   51 15628 Thread-1 4432 D:\onedrive\OneDrive - ncist.edu.cn\project\mystock\data\akshare\industry_concept.py save_industry_data finshed
2021-07-16 09:19:44,365 root  INFO   49 6228 MainThread 3164 D:\onedrive\OneDrive - ncist.edu.cn\project\mystock\logger\my_logger.py a start
2021-07-16 09:19:44,365 root  INFO   51 6228 MainThread 3164 D:\onedrive\OneDrive - ncist.edu.cn\project\mystock\logger\my_logger.py a finshed
2021-07-16 09:19:44,396 root  INFO   49 14952 Thread-1 3164 D:\onedrive\OneDrive - ncist.edu.cn\project\mystock\data\akshare\industry_concept.py save_concept_data start
2021-07-16 09:19:44,398 root  INFO   49 13196 Thread-2 3164 D:\onedrive\OneDrive - ncist.edu.cn\project\mystock\data\akshare\yjbb.py update_yjbb_to_db start
2021-07-16 09:19:44,398 root  INFO   49 3588 Thread-3 3164 D:\onedrive\OneDrive - ncist.edu.cn\project\mystock\data\akshare\north_net_flow.py save_north_data start
2021-07-16 09:19:44,482 root  INFO   51 3588 Thread-3 3164 D:\onedrive\OneDrive - ncist.edu.cn\project\mystock\data\akshare\north_net_flow.py save_north_data finshed
2021-07-16 09:19:47,765 root  INFO   51 13196 Thread-2 3164 D:\onedrive\OneDrive - ncist.edu.cn\project\mystock\data\akshare\yjbb.py update_yjbb_to_db finshed
2021-07-16 09:19:47,765 root  INFO   49 13196 Thread-2 3164 D:\onedrive\OneDrive - ncist.edu.cn\project\mystock\data\akshare\yjbb.py update_yjbb_to_db start
2021-07-16 09:19:48,206 root  INFO   51 13196 Thread-2 3164 D:\onedrive\OneDrive - ncist.edu.cn\project\mystock\data\akshare\yjbb.py update_yjbb_to_db finshed
2021-07-16 09:19:48,206 root  INFO   49 13196 Thread-2 3164 D:\onedrive\OneDrive - ncist.edu.cn\project\mystock\data\akshare\yjbb.py update_yjbb_to_db start
2021-07-16 09:19:56,555 root  INFO   51 13196 Thread-2 3164 D:\onedrive\OneDrive - ncist.edu.cn\project\mystock\data\akshare\yjbb.py update_yjbb_to_db finshed
2021-07-16 09:19:56,555 root  INFO   49 13196 Thread-2 3164 D:\onedrive\OneDrive - ncist.edu.cn\project\mystock\data\akshare\yjbb.py update_yjbb_to_db start
2021-07-16 09:23:25,606 root  INFO   51 13196 Thread-2 3164 D:\onedrive\OneDrive - ncist.edu.cn\project\mystock\data\akshare\yjbb.py update_yjbb_to_db finshed
2021-07-16 09:23:25,606 root  INFO   49 13196 Thread-2 3164 D:\onedrive\OneDrive - ncist.edu.cn\project\mystock\data\akshare\yjbb.py update_yjbb_to_db start
2021-07-16 09:23:26,269 root  INFO   51 13196 Thread-2 3164 D:\onedrive\OneDrive - ncist.edu.cn\project\mystock\data\akshare\yjbb.py update_yjbb_to_db finshed
2021-07-16 09:23:26,269 root  INFO   49 13196 Thread-2 3164 D:\onedrive\OneDrive - ncist.edu.cn\project\mystock\data\akshare\yjbb.py update_yjbb_to_db start
2021-07-16 09:23:26,958 root  INFO   51 13196 Thread-2 3164 D:\onedrive\OneDrive - ncist.edu.cn\project\mystock\data\akshare\yjbb.py update_yjbb_to_db finshed
2021-07-16 09:23:26,958 root  INFO   49 13196 Thread-2 3164 D:\onedrive\OneDrive - ncist.edu.cn\project\mystock\data\akshare\yjbb.py update_yjbb_to_db start
2021-07-16 09:23:27,579 root  INFO   51 13196 Thread-2 3164 D:\onedrive\OneDrive - ncist.edu.cn\project\mystock\data\akshare\yjbb.py update_yjbb_to_db finshed
2021-07-16 10:03:54,129 root  ERROR   54 14952 Thread-1 3164 D:\onedrive\OneDrive - ncist.edu.cn\project\mystock\data\akshare\industry_concept.py save_concept_data error
2021-07-16 10:03:54,130 root  ERROR   55 14952 Thread-1 3164 Traceback (most recent call last):
  File "D:\onedrive\OneDrive - ncist.edu.cn\project\mystock\logger\my_logger.py", line 50, in wrapped_function
    res=func(*args, **kwargs)
  File "D:\onedrive\OneDrive - ncist.edu.cn\project\mystock\data\akshare\industry_concept.py", line 153, in save_concept_data
    data = retry(query_concept_index, name)
  File "C:\Program Files\Python37\lib\site-packages\retrying.py", line 49, in wrapped_f
    return Retrying(*dargs, **dkw).call(f, *args, **kw)
  File "C:\Program Files\Python37\lib\site-packages\retrying.py", line 212, in call
    raise attempt.get()
  File "C:\Program Files\Python37\lib\site-packages\retrying.py", line 247, in get
    six.reraise(self.value[0], self.value[1], self.value[2])
  File "C:\Program Files\Python37\lib\site-packages\six.py", line 703, in reraise
    raise value
  File "C:\Program Files\Python37\lib\site-packages\retrying.py", line 200, in call
    attempt = Attempt(fn(*args, **kwargs), attempt_number, False)
  File "D:\onedrive\OneDrive - ncist.edu.cn\project\mystock\data\akshare\industry_concept.py", line 60, in retry
    data=fun(name)
  File "D:\onedrive\OneDrive - ncist.edu.cn\project\mystock\data\akshare\industry_concept.py", line 33, in query_concept_index
    data = ak.stock_board_concept_index_ths(symbol=symbol)
  File "C:\Program Files\Python37\lib\site-packages\akshare\stock_feature\stock_board_concept_ths.py", line 176, in stock_board_concept_index_ths
    symbol_code = soup.find('div', attrs={'class': 'board-hq'}).find('span').text
AttributeError: 'NoneType' object has no attribute 'find'

2021-07-16 10:03:54,130 root  INFO   49 14952 Thread-1 3164 D:\onedrive\OneDrive - ncist.edu.cn\project\mystock\data\akshare\industry_concept.py save_industry_data start
2021-07-16 10:16:41,208 root  INFO   51 14952 Thread-1 3164 D:\onedrive\OneDrive - ncist.edu.cn\project\mystock\data\akshare\industry_concept.py save_industry_data finshed
