2021-07-09 08:50:57,509 root  INFO   49 4212 MainThread 10736 D:\onedrive\OneDrive - ncist.edu.cn\project\mystock\logger\my_logger.py a start
2021-07-09 08:50:57,509 root  INFO   51 4212 MainThread 10736 D:\onedrive\OneDrive - ncist.edu.cn\project\mystock\logger\my_logger.py a finshed
2021-07-09 08:50:57,611 root  INFO   49 2740 Thread-1 10736 D:\onedrive\OneDrive - ncist.edu.cn\project\mystock\data\akshare\yjbb.py update_yjbb_to_db start
2021-07-09 08:50:57,612 root  INFO   49 11848 Thread-2 10736 D:\onedrive\OneDrive - ncist.edu.cn\project\mystock\data\akshare\north_net_flow.py save_north_data start
2021-07-09 08:50:57,849 root  INFO   51 11848 Thread-2 10736 D:\onedrive\OneDrive - ncist.edu.cn\project\mystock\data\akshare\north_net_flow.py save_north_data finshed
2021-07-09 08:50:57,852 root  INFO   51 2740 Thread-1 10736 D:\onedrive\OneDrive - ncist.edu.cn\project\mystock\data\akshare\yjbb.py update_yjbb_to_db finshed
2021-07-09 08:50:57,853 root  INFO   49 2740 Thread-1 10736 D:\onedrive\OneDrive - ncist.edu.cn\project\mystock\data\akshare\yjbb.py update_yjbb_to_db start
2021-07-09 08:50:57,927 root  INFO   51 2740 Thread-1 10736 D:\onedrive\OneDrive - ncist.edu.cn\project\mystock\data\akshare\yjbb.py update_yjbb_to_db finshed
2021-07-09 08:50:57,928 root  INFO   49 2740 Thread-1 10736 D:\onedrive\OneDrive - ncist.edu.cn\project\mystock\data\akshare\yjbb.py update_yjbb_to_db start
2021-07-09 08:50:57,993 root  INFO   51 2740 Thread-1 10736 D:\onedrive\OneDrive - ncist.edu.cn\project\mystock\data\akshare\yjbb.py update_yjbb_to_db finshed
2021-07-09 08:50:57,993 root  INFO   49 2740 Thread-1 10736 D:\onedrive\OneDrive - ncist.edu.cn\project\mystock\data\akshare\yjbb.py update_yjbb_to_db start
2021-07-09 08:50:58,055 root  INFO   51 2740 Thread-1 10736 D:\onedrive\OneDrive - ncist.edu.cn\project\mystock\data\akshare\yjbb.py update_yjbb_to_db finshed
2021-07-09 08:50:58,055 root  INFO   49 2740 Thread-1 10736 D:\onedrive\OneDrive - ncist.edu.cn\project\mystock\data\akshare\yjbb.py update_yjbb_to_db start
2021-07-09 08:50:58,128 root  INFO   51 2740 Thread-1 10736 D:\onedrive\OneDrive - ncist.edu.cn\project\mystock\data\akshare\yjbb.py update_yjbb_to_db finshed
2021-07-09 08:50:58,128 root  INFO   49 2740 Thread-1 10736 D:\onedrive\OneDrive - ncist.edu.cn\project\mystock\data\akshare\yjbb.py update_yjbb_to_db start
2021-07-09 08:50:58,186 root  INFO   51 2740 Thread-1 10736 D:\onedrive\OneDrive - ncist.edu.cn\project\mystock\data\akshare\yjbb.py update_yjbb_to_db finshed
2021-07-09 08:50:58,186 root  INFO   49 2740 Thread-1 10736 D:\onedrive\OneDrive - ncist.edu.cn\project\mystock\data\akshare\yjbb.py update_yjbb_to_db start
2021-07-09 08:50:58,270 root  INFO   51 2740 Thread-1 10736 D:\onedrive\OneDrive - ncist.edu.cn\project\mystock\data\akshare\yjbb.py update_yjbb_to_db finshed
2021-07-09 16:13:55,419 root  INFO   49 14120 MainThread 8616 C:\Users\OneDrive - ncist.edu.cn\project\mystock\logger\my_logger.py a start
2021-07-09 16:13:55,419 root  INFO   51 14120 MainThread 8616 C:\Users\OneDrive - ncist.edu.cn\project\mystock\logger\my_logger.py a finshed
2021-07-09 16:13:55,448 root  INFO   49 4912 Thread-1 8616 C:\Users\OneDrive - ncist.edu.cn\project\mystock\data\akshare\yjbb.py update_yjbb_to_db start
2021-07-09 16:13:55,449 root  INFO   49 1548 Thread-2 8616 C:\Users\OneDrive - ncist.edu.cn\project\mystock\data\akshare\north_net_flow.py save_north_data start
2021-07-09 16:14:03,528 root  INFO   51 4912 Thread-1 8616 C:\Users\OneDrive - ncist.edu.cn\project\mystock\data\akshare\yjbb.py update_yjbb_to_db finshed
2021-07-09 16:14:03,529 root  INFO   49 4912 Thread-1 8616 C:\Users\OneDrive - ncist.edu.cn\project\mystock\data\akshare\yjbb.py update_yjbb_to_db start
2021-07-09 16:14:03,802 root  INFO   51 4912 Thread-1 8616 C:\Users\OneDrive - ncist.edu.cn\project\mystock\data\akshare\yjbb.py update_yjbb_to_db finshed
2021-07-09 16:14:03,803 root  INFO   49 4912 Thread-1 8616 C:\Users\OneDrive - ncist.edu.cn\project\mystock\data\akshare\yjbb.py update_yjbb_to_db start
2021-07-09 16:14:09,389 root  INFO   51 4912 Thread-1 8616 C:\Users\OneDrive - ncist.edu.cn\project\mystock\data\akshare\yjbb.py update_yjbb_to_db finshed
2021-07-09 16:14:09,389 root  INFO   49 4912 Thread-1 8616 C:\Users\OneDrive - ncist.edu.cn\project\mystock\data\akshare\yjbb.py update_yjbb_to_db start
2021-07-09 16:15:23,597 root  INFO   51 1548 Thread-2 8616 C:\Users\OneDrive - ncist.edu.cn\project\mystock\data\akshare\north_net_flow.py save_north_data finshed
