2021-07-06 08:21:22,034 root  INFO   49 11288 MainThread 6360 D:\onedrive\OneDrive - ncist.edu.cn\project\mystock\logger\my_logger.py a start
2021-07-06 08:21:22,034 root  INFO   51 11288 MainThread 6360 D:\onedrive\OneDrive - ncist.edu.cn\project\mystock\logger\my_logger.py a finshed
2021-07-06 08:21:24,440 data.baostack.importReportData  INFO   41 11288 MainThread 6360 tb_performance_express_report start
2021-07-06 08:23:51,495 data.baostack.importReportData  INFO   41 11288 MainThread 6360 tb_forecast_report start
2021-07-06 08:29:01,269 root  INFO   49 15852 MainThread 15824 D:\onedrive\OneDrive - ncist.edu.cn\project\mystock\logger\my_logger.py a start
2021-07-06 08:29:01,269 root  INFO   51 15852 MainThread 15824 D:\onedrive\OneDrive - ncist.edu.cn\project\mystock\logger\my_logger.py a finshed
2021-07-06 08:29:06,296 root  INFO   49 2008 Thread-1 15824 D:\onedrive\OneDrive - ncist.edu.cn\project\mystock\data\akshare\yjbb.py update_yjbb_to_db start
2021-07-06 08:29:06,299 root  INFO   49 6872 Thread-2 15824 D:\onedrive\OneDrive - ncist.edu.cn\project\mystock\data\akshare\north_net_flow.py save_north_data start
2021-07-06 08:29:06,403 root  INFO   51 6872 Thread-2 15824 D:\onedrive\OneDrive - ncist.edu.cn\project\mystock\data\akshare\north_net_flow.py save_north_data finshed
2021-07-06 08:29:11,072 root  INFO   51 2008 Thread-1 15824 D:\onedrive\OneDrive - ncist.edu.cn\project\mystock\data\akshare\yjbb.py update_yjbb_to_db finshed
2021-07-06 08:29:11,072 root  INFO   49 2008 Thread-1 15824 D:\onedrive\OneDrive - ncist.edu.cn\project\mystock\data\akshare\yjbb.py update_yjbb_to_db start
2021-07-06 08:29:11,499 root  INFO   51 2008 Thread-1 15824 D:\onedrive\OneDrive - ncist.edu.cn\project\mystock\data\akshare\yjbb.py update_yjbb_to_db finshed
2021-07-06 08:29:11,500 root  INFO   49 2008 Thread-1 15824 D:\onedrive\OneDrive - ncist.edu.cn\project\mystock\data\akshare\yjbb.py update_yjbb_to_db start
2021-07-06 08:29:15,026 root  INFO   51 2008 Thread-1 15824 D:\onedrive\OneDrive - ncist.edu.cn\project\mystock\data\akshare\yjbb.py update_yjbb_to_db finshed
2021-07-06 08:29:15,026 root  INFO   49 2008 Thread-1 15824 D:\onedrive\OneDrive - ncist.edu.cn\project\mystock\data\akshare\yjbb.py update_yjbb_to_db start
2021-07-06 08:52:41,410 root  INFO   49 14664 MainThread 3432 D:\onedrive\OneDrive - ncist.edu.cn\project\mystock\logger\my_logger.py a start
2021-07-06 08:52:41,411 root  INFO   51 14664 MainThread 3432 D:\onedrive\OneDrive - ncist.edu.cn\project\mystock\logger\my_logger.py a finshed
2021-07-06 08:52:46,445 root  INFO   49 9892 Thread-1 3432 D:\onedrive\OneDrive - ncist.edu.cn\project\mystock\data\akshare\yjbb.py update_yjbb_to_db start
2021-07-06 08:52:46,448 root  INFO   49 1332 Thread-2 3432 D:\onedrive\OneDrive - ncist.edu.cn\project\mystock\data\akshare\north_net_flow.py save_north_data start
2021-07-06 08:52:46,541 root  INFO   51 1332 Thread-2 3432 D:\onedrive\OneDrive - ncist.edu.cn\project\mystock\data\akshare\north_net_flow.py save_north_data finshed
2021-07-06 08:52:51,768 root  INFO   51 9892 Thread-1 3432 D:\onedrive\OneDrive - ncist.edu.cn\project\mystock\data\akshare\yjbb.py update_yjbb_to_db finshed
2021-07-06 08:52:51,768 root  INFO   49 9892 Thread-1 3432 D:\onedrive\OneDrive - ncist.edu.cn\project\mystock\data\akshare\yjbb.py update_yjbb_to_db start
2021-07-06 08:52:52,291 root  INFO   51 9892 Thread-1 3432 D:\onedrive\OneDrive - ncist.edu.cn\project\mystock\data\akshare\yjbb.py update_yjbb_to_db finshed
2021-07-06 08:52:52,291 root  INFO   49 9892 Thread-1 3432 D:\onedrive\OneDrive - ncist.edu.cn\project\mystock\data\akshare\yjbb.py update_yjbb_to_db start
2021-07-06 08:52:55,906 root  INFO   51 9892 Thread-1 3432 D:\onedrive\OneDrive - ncist.edu.cn\project\mystock\data\akshare\yjbb.py update_yjbb_to_db finshed
2021-07-06 08:52:55,907 root  INFO   49 9892 Thread-1 3432 D:\onedrive\OneDrive - ncist.edu.cn\project\mystock\data\akshare\yjbb.py update_yjbb_to_db start
2021-07-06 08:52:56,056 data.baostack.baseImport  INFO   119 14664 MainThread 3432 tb_growth start
2021-07-06 08:56:13,997 root  INFO   51 9892 Thread-1 3432 D:\onedrive\OneDrive - ncist.edu.cn\project\mystock\data\akshare\yjbb.py update_yjbb_to_db finshed
2021-07-06 08:56:13,997 root  INFO   49 9892 Thread-1 3432 D:\onedrive\OneDrive - ncist.edu.cn\project\mystock\data\akshare\yjbb.py update_yjbb_to_db start
2021-07-06 08:56:18,956 root  INFO   51 9892 Thread-1 3432 D:\onedrive\OneDrive - ncist.edu.cn\project\mystock\data\akshare\yjbb.py update_yjbb_to_db finshed
2021-07-06 08:56:18,956 root  INFO   49 9892 Thread-1 3432 D:\onedrive\OneDrive - ncist.edu.cn\project\mystock\data\akshare\yjbb.py update_yjbb_to_db start
2021-07-06 08:56:23,522 root  INFO   51 9892 Thread-1 3432 D:\onedrive\OneDrive - ncist.edu.cn\project\mystock\data\akshare\yjbb.py update_yjbb_to_db finshed
2021-07-06 08:56:23,522 root  INFO   49 9892 Thread-1 3432 D:\onedrive\OneDrive - ncist.edu.cn\project\mystock\data\akshare\yjbb.py update_yjbb_to_db start
2021-07-06 08:56:27,815 root  INFO   51 9892 Thread-1 3432 D:\onedrive\OneDrive - ncist.edu.cn\project\mystock\data\akshare\yjbb.py update_yjbb_to_db finshed
2021-07-06 09:05:19,085 data.baostack.baseImport  INFO   207 14664 MainThread 3432 tb_growth finished
2021-07-06 09:06:19,453 data.baostack.baseImport  INFO   119 14664 MainThread 3432 tb_profit start
2021-07-06 09:09:36,636 data.baostack.baseImport  INFO   207 14664 MainThread 3432 tb_profit finished
2021-07-06 09:10:36,855 data.baostack.baseImport  INFO   119 14664 MainThread 3432 tb_stock_dupont start
2021-07-06 09:14:17,155 data.baostack.baseImport  INFO   207 14664 MainThread 3432 tb_stock_dupont finished
2021-07-06 09:15:17,374 data.baostack.baseImport  INFO   119 14664 MainThread 3432 tb_operation start
2021-07-06 09:18:15,100 data.baostack.baseImport  INFO   207 14664 MainThread 3432 tb_operation finished
2021-07-06 09:19:15,777 data.baostack.baseImport  INFO   119 14664 MainThread 3432 tb_balance start
2021-07-06 09:22:45,871 data.baostack.baseImport  INFO   207 14664 MainThread 3432 tb_balance finished
2021-07-06 09:23:46,085 data.baostack.baseImport  INFO   119 14664 MainThread 3432 tb_cash_flow start
2021-07-06 09:28:44,835 data.baostack.baseImport  INFO   207 14664 MainThread 3432 tb_cash_flow finished
