2021-07-10 13:49:09,604 root  INFO   49 7476 MainThread 116 C:\Users\OneDrive - ncist.edu.cn\project\mystock\logger\my_logger.py a start
2021-07-10 13:49:09,604 root  INFO   51 7476 MainThread 116 C:\Users\OneDrive - ncist.edu.cn\project\mystock\logger\my_logger.py a finshed
2021-07-10 13:49:09,670 root  INFO   49 972 Thread-1 116 C:\Users\OneDrive - ncist.edu.cn\project\mystock\data\akshare\yjbb.py update_yjbb_to_db start
2021-07-10 13:49:09,671 root  INFO   49 11792 Thread-2 116 C:\Users\OneDrive - ncist.edu.cn\project\mystock\data\akshare\north_net_flow.py save_north_data start
2021-07-10 13:49:09,705 root  INFO   51 11792 Thread-2 116 C:\Users\OneDrive - ncist.edu.cn\project\mystock\data\akshare\north_net_flow.py save_north_data finshed
2021-07-10 13:49:15,036 root  INFO   51 972 Thread-1 116 C:\Users\OneDrive - ncist.edu.cn\project\mystock\data\akshare\yjbb.py update_yjbb_to_db finshed
2021-07-10 13:49:15,036 root  INFO   49 972 Thread-1 116 C:\Users\OneDrive - ncist.edu.cn\project\mystock\data\akshare\yjbb.py update_yjbb_to_db start
2021-07-10 13:49:15,315 root  INFO   51 972 Thread-1 116 C:\Users\OneDrive - ncist.edu.cn\project\mystock\data\akshare\yjbb.py update_yjbb_to_db finshed
2021-07-10 13:49:15,315 root  INFO   49 972 Thread-1 116 C:\Users\OneDrive - ncist.edu.cn\project\mystock\data\akshare\yjbb.py update_yjbb_to_db start
2021-07-10 13:49:19,557 root  INFO   51 972 Thread-1 116 C:\Users\OneDrive - ncist.edu.cn\project\mystock\data\akshare\yjbb.py update_yjbb_to_db finshed
2021-07-10 13:49:19,557 root  INFO   49 972 Thread-1 116 C:\Users\OneDrive - ncist.edu.cn\project\mystock\data\akshare\yjbb.py update_yjbb_to_db start
2021-07-10 13:51:43,617 root  INFO   49 13084 MainThread 20072 C:\Users\OneDrive - ncist.edu.cn\project\mystock\logger\my_logger.py a start
2021-07-10 13:51:43,617 root  INFO   51 13084 MainThread 20072 C:\Users\OneDrive - ncist.edu.cn\project\mystock\logger\my_logger.py a finshed
2021-07-10 13:51:43,617 root  INFO   49 13084 MainThread 20072 C:\Users\OneDrive - ncist.edu.cn\project\mystock\data\akshare\yjbb.py update_yjbb_to_db start
2021-07-10 13:52:09,631 root  INFO   51 972 Thread-1 116 C:\Users\OneDrive - ncist.edu.cn\project\mystock\data\akshare\yjbb.py update_yjbb_to_db finshed
2021-07-10 13:52:09,631 root  INFO   49 972 Thread-1 116 C:\Users\OneDrive - ncist.edu.cn\project\mystock\data\akshare\yjbb.py update_yjbb_to_db start
2021-07-10 13:52:10,114 root  INFO   51 972 Thread-1 116 C:\Users\OneDrive - ncist.edu.cn\project\mystock\data\akshare\yjbb.py update_yjbb_to_db finshed
2021-07-10 13:52:10,114 root  INFO   49 972 Thread-1 116 C:\Users\OneDrive - ncist.edu.cn\project\mystock\data\akshare\yjbb.py update_yjbb_to_db start
2021-07-10 13:52:10,801 root  INFO   51 972 Thread-1 116 C:\Users\OneDrive - ncist.edu.cn\project\mystock\data\akshare\yjbb.py update_yjbb_to_db finshed
2021-07-10 13:52:10,801 root  INFO   49 972 Thread-1 116 C:\Users\OneDrive - ncist.edu.cn\project\mystock\data\akshare\yjbb.py update_yjbb_to_db start
2021-07-10 13:52:12,807 root  INFO   51 972 Thread-1 116 C:\Users\OneDrive - ncist.edu.cn\project\mystock\data\akshare\yjbb.py update_yjbb_to_db finshed
2021-07-10 13:53:42,809 root  INFO   49 912 MainThread 14944 C:\Users\OneDrive - ncist.edu.cn\project\mystock\logger\my_logger.py a start
2021-07-10 13:53:42,809 root  INFO   51 912 MainThread 14944 C:\Users\OneDrive - ncist.edu.cn\project\mystock\logger\my_logger.py a finshed
2021-07-10 13:53:42,810 root  INFO   49 912 MainThread 14944 C:\Users\OneDrive - ncist.edu.cn\project\mystock\data\akshare\yjbb.py update_yjbb_to_db start
2021-07-10 13:54:19,886 root  INFO   49 14660 MainThread 18300 C:\Users\OneDrive - ncist.edu.cn\project\mystock\logger\my_logger.py a start
2021-07-10 13:54:19,887 root  INFO   51 14660 MainThread 18300 C:\Users\OneDrive - ncist.edu.cn\project\mystock\logger\my_logger.py a finshed
2021-07-10 13:54:19,887 root  INFO   49 14660 MainThread 18300 C:\Users\OneDrive - ncist.edu.cn\project\mystock\data\akshare\yjbb.py update_yjbb_to_db start
2021-07-10 13:55:09,723 root  INFO   49 1200 MainThread 13164 C:\Users\OneDrive - ncist.edu.cn\project\mystock\logger\my_logger.py a start
2021-07-10 13:55:09,723 root  INFO   51 1200 MainThread 13164 C:\Users\OneDrive - ncist.edu.cn\project\mystock\logger\my_logger.py a finshed
2021-07-10 13:55:09,723 root  INFO   49 1200 MainThread 13164 C:\Users\OneDrive - ncist.edu.cn\project\mystock\data\akshare\yjbb.py update_yjbb_to_db start
2021-07-10 13:55:48,001 root  INFO   49 17516 MainThread 20396 C:\Users\OneDrive - ncist.edu.cn\project\mystock\logger\my_logger.py a start
2021-07-10 13:55:48,001 root  INFO   51 17516 MainThread 20396 C:\Users\OneDrive - ncist.edu.cn\project\mystock\logger\my_logger.py a finshed
2021-07-10 13:55:48,002 root  INFO   49 17516 MainThread 20396 C:\Users\OneDrive - ncist.edu.cn\project\mystock\data\akshare\yjbb.py update_yjbb_to_db start
2021-07-10 13:55:48,242 root  INFO   51 17516 MainThread 20396 C:\Users\OneDrive - ncist.edu.cn\project\mystock\data\akshare\yjbb.py update_yjbb_to_db finshed
2021-07-10 13:55:56,909 root  INFO   49 7476 MainThread 116 C:\Users\OneDrive - ncist.edu.cn\project\mystock\data\baostack\baseImport.py dataimport start
2021-07-10 13:56:41,422 root  INFO   51 7476 MainThread 116 C:\Users\OneDrive - ncist.edu.cn\project\mystock\data\baostack\baseImport.py dataimport finshed
2021-07-10 13:57:41,476 root  INFO   49 7476 MainThread 116 C:\Users\OneDrive - ncist.edu.cn\project\mystock\data\baostack\baseImport.py dataimport start
2021-07-10 13:58:26,116 root  INFO   51 7476 MainThread 116 C:\Users\OneDrive - ncist.edu.cn\project\mystock\data\baostack\baseImport.py dataimport finshed
2021-07-10 13:58:47,534 root  INFO   49 18868 MainThread 7728 C:\Users\OneDrive - ncist.edu.cn\project\mystock\logger\my_logger.py a start
2021-07-10 13:58:47,534 root  INFO   51 18868 MainThread 7728 C:\Users\OneDrive - ncist.edu.cn\project\mystock\logger\my_logger.py a finshed
2021-07-10 13:58:47,535 root  INFO   49 18868 MainThread 7728 C:\Users\OneDrive - ncist.edu.cn\project\mystock\data\akshare\yjbb.py update_yjbb_to_db start
2021-07-10 13:58:47,714 root  INFO   51 18868 MainThread 7728 C:\Users\OneDrive - ncist.edu.cn\project\mystock\data\akshare\yjbb.py update_yjbb_to_db finshed
2021-07-10 13:59:26,183 root  INFO   49 7476 MainThread 116 C:\Users\OneDrive - ncist.edu.cn\project\mystock\data\baostack\baseImport.py dataimport start
2021-07-10 14:00:09,321 root  INFO   51 7476 MainThread 116 C:\Users\OneDrive - ncist.edu.cn\project\mystock\data\baostack\baseImport.py dataimport finshed
2021-07-10 14:00:40,183 root  INFO   49 16540 MainThread 6760 C:\Users\OneDrive - ncist.edu.cn\project\mystock\logger\my_logger.py a start
2021-07-10 14:00:40,183 root  INFO   51 16540 MainThread 6760 C:\Users\OneDrive - ncist.edu.cn\project\mystock\logger\my_logger.py a finshed
2021-07-10 14:00:40,184 root  INFO   49 16540 MainThread 6760 C:\Users\OneDrive - ncist.edu.cn\project\mystock\data\akshare\yjbb.py update_yjbb_to_db start
2021-07-10 14:00:42,440 root  INFO   51 16540 MainThread 6760 C:\Users\OneDrive - ncist.edu.cn\project\mystock\data\akshare\yjbb.py update_yjbb_to_db finshed
2021-07-10 14:01:09,351 root  INFO   49 7476 MainThread 116 C:\Users\OneDrive - ncist.edu.cn\project\mystock\data\baostack\baseImport.py dataimport start
2021-07-10 14:01:26,364 root  INFO   49 20348 MainThread 20220 C:\Users\OneDrive - ncist.edu.cn\project\mystock\logger\my_logger.py a start
2021-07-10 14:01:26,364 root  INFO   51 20348 MainThread 20220 C:\Users\OneDrive - ncist.edu.cn\project\mystock\logger\my_logger.py a finshed
2021-07-10 14:01:26,365 root  INFO   49 20348 MainThread 20220 C:\Users\OneDrive - ncist.edu.cn\project\mystock\data\akshare\yjbb.py update_yjbb_to_db start
2021-07-10 14:01:29,434 root  INFO   51 20348 MainThread 20220 C:\Users\OneDrive - ncist.edu.cn\project\mystock\data\akshare\yjbb.py update_yjbb_to_db finshed
2021-07-10 14:01:29,434 root  INFO   49 20348 MainThread 20220 C:\Users\OneDrive - ncist.edu.cn\project\mystock\data\akshare\yjbb.py update_yjbb_to_db start
2021-07-10 14:01:29,612 root  INFO   51 20348 MainThread 20220 C:\Users\OneDrive - ncist.edu.cn\project\mystock\data\akshare\yjbb.py update_yjbb_to_db finshed
2021-07-10 14:01:29,612 root  INFO   49 20348 MainThread 20220 C:\Users\OneDrive - ncist.edu.cn\project\mystock\data\akshare\yjbb.py update_yjbb_to_db start
2021-07-10 14:01:46,127 root  INFO   49 2208 MainThread 14176 C:\Users\OneDrive - ncist.edu.cn\project\mystock\logger\my_logger.py a start
2021-07-10 14:01:46,128 root  INFO   51 2208 MainThread 14176 C:\Users\OneDrive - ncist.edu.cn\project\mystock\logger\my_logger.py a finshed
2021-07-10 14:01:46,128 root  INFO   49 2208 MainThread 14176 C:\Users\OneDrive - ncist.edu.cn\project\mystock\data\akshare\yjbb.py update_yjbb_to_db start
2021-07-10 14:01:49,158 root  INFO   51 2208 MainThread 14176 C:\Users\OneDrive - ncist.edu.cn\project\mystock\data\akshare\yjbb.py update_yjbb_to_db finshed
2021-07-10 14:01:56,203 root  INFO   51 7476 MainThread 116 C:\Users\OneDrive - ncist.edu.cn\project\mystock\data\baostack\baseImport.py dataimport finshed
2021-07-10 14:02:56,249 root  INFO   49 7476 MainThread 116 C:\Users\OneDrive - ncist.edu.cn\project\mystock\data\baostack\baseImport.py dataimport start
2021-07-10 14:03:41,501 root  INFO   51 7476 MainThread 116 C:\Users\OneDrive - ncist.edu.cn\project\mystock\data\baostack\baseImport.py dataimport finshed
2021-07-10 14:03:48,199 root  INFO   49 2620 MainThread 12720 C:\Users\OneDrive - ncist.edu.cn\project\mystock\logger\my_logger.py a start
2021-07-10 14:03:48,199 root  INFO   51 2620 MainThread 12720 C:\Users\OneDrive - ncist.edu.cn\project\mystock\logger\my_logger.py a finshed
2021-07-10 14:03:48,200 root  INFO   49 2620 MainThread 12720 C:\Users\OneDrive - ncist.edu.cn\project\mystock\data\akshare\yjbb.py update_yjbb_to_db start
2021-07-10 14:03:51,108 root  INFO   51 2620 MainThread 12720 C:\Users\OneDrive - ncist.edu.cn\project\mystock\data\akshare\yjbb.py update_yjbb_to_db finshed
2021-07-10 14:03:51,108 root  INFO   49 2620 MainThread 12720 C:\Users\OneDrive - ncist.edu.cn\project\mystock\data\akshare\yjbb.py update_yjbb_to_db start
2021-07-10 14:03:51,346 root  INFO   51 2620 MainThread 12720 C:\Users\OneDrive - ncist.edu.cn\project\mystock\data\akshare\yjbb.py update_yjbb_to_db finshed
2021-07-10 14:03:51,346 root  INFO   49 2620 MainThread 12720 C:\Users\OneDrive - ncist.edu.cn\project\mystock\data\akshare\yjbb.py update_yjbb_to_db start
2021-07-10 14:04:41,543 root  INFO   49 7476 MainThread 116 C:\Users\OneDrive - ncist.edu.cn\project\mystock\data\baostack\baseImport.py dataimport start
2021-07-10 14:05:26,101 root  INFO   51 7476 MainThread 116 C:\Users\OneDrive - ncist.edu.cn\project\mystock\data\baostack\baseImport.py dataimport finshed
2021-07-10 14:06:26,163 data.baostack.importReportData  INFO   41 7476 MainThread 116 tb_performance_express_report start
2021-07-10 14:11:40,733 data.baostack.importReportData  INFO   41 7476 MainThread 116 tb_forecast_report start
